2020-06-15 09:46:29 [main] INFO  c.e.studyDemo.StudyDemoApplication  - Starting StudyDemoApplication on PC201606170921 with PID 148064 (D:\zhang\IDEA\demo\StudyDemo\target\classes started by Administrator in D:\zhang\IDEA\demo\StudyDemo)
2020-06-15 09:46:29 [main] INFO  c.e.studyDemo.StudyDemoApplication  - No active profile set, falling back to default profiles: default
2020-06-15 09:46:32 [main] INFO  o.s.d.r.c.RepositoryConfigurationDelegate  - Multiple Spring Data modules found, entering strict repository configuration mode!
2020-06-15 09:46:32 [main] INFO  o.s.d.r.c.RepositoryConfigurationDelegate  - Bootstrapping Spring Data JDBC repositories in DEFAULT mode.
2020-06-15 09:46:32 [main] INFO  o.s.d.r.c.RepositoryConfigurationExtensionSupport  - Spring Data JDBC - Could not safely identify store assignment for repository candidate interface com.example.studyDemo.repository.Test02Repository. If you want this repository to be a JDBC repository, consider annotating your entities with one of these annotations: org.springframework.data.relational.core.mapping.Table.
2020-06-15 09:46:32 [main] INFO  o.s.d.r.c.RepositoryConfigurationExtensionSupport  - Spring Data JDBC - Could not safely identify store assignment for repository candidate interface com.example.studyDemo.repository.Test03Repository. If you want this repository to be a JDBC repository, consider annotating your entities with one of these annotations: org.springframework.data.relational.core.mapping.Table.
2020-06-15 09:46:32 [main] INFO  o.s.d.r.c.RepositoryConfigurationExtensionSupport  - Spring Data JDBC - Could not safely identify store assignment for repository candidate interface com.example.studyDemo.repository.TestRepository. If you want this repository to be a JDBC repository, consider annotating your entities with one of these annotations: org.springframework.data.relational.core.mapping.Table.
2020-06-15 09:46:32 [main] INFO  o.s.d.r.c.RepositoryConfigurationDelegate  - Finished Spring Data repository scanning in 265ms. Found 0 JDBC repository interfaces.
2020-06-15 09:46:32 [main] INFO  o.s.d.r.c.RepositoryConfigurationDelegate  - Multiple Spring Data modules found, entering strict repository configuration mode!
2020-06-15 09:46:32 [main] INFO  o.s.d.r.c.RepositoryConfigurationDelegate  - Bootstrapping Spring Data JPA repositories in DEFAULT mode.
2020-06-15 09:46:32 [main] INFO  o.s.d.r.c.RepositoryConfigurationDelegate  - Finished Spring Data repository scanning in 79ms. Found 3 JPA repository interfaces.
2020-06-15 09:46:34 [main] INFO  o.s.b.w.e.tomcat.TomcatWebServer  - Tomcat initialized with port(s): 8081 (http)
2020-06-15 09:46:34 [main] INFO  o.a.coyote.http11.Http11NioProtocol  - Initializing ProtocolHandler ["http-nio-8081"]
2020-06-15 09:46:34 [main] INFO  o.a.catalina.core.StandardService  - Starting service [Tomcat]
2020-06-15 09:46:34 [main] INFO  o.a.catalina.core.StandardEngine  - Starting Servlet engine: [Apache Tomcat/9.0.31]
2020-06-15 09:46:35 [main] INFO  o.a.c.c.C.[Tomcat].[localhost].[/]  - Initializing Spring embedded WebApplicationContext
2020-06-15 09:46:35 [main] INFO  o.s.web.context.ContextLoader  - Root WebApplicationContext: initialization completed in 5621 ms
2020-06-15 09:46:35 [main] INFO  c.a.d.s.b.a.DruidDataSourceAutoConfigure  - Init DruidDataSource
2020-06-15 09:46:36 [main] INFO  c.alibaba.druid.pool.DruidDataSource  - {dataSource-1} inited
2020-06-15 09:46:36 [main] INFO  o.h.jpa.internal.util.LogHelper  - HHH000204: Processing PersistenceUnitInfo [
	name: default
	...]
2020-06-15 09:46:36 [main] INFO  org.hibernate.Version  - HHH000412: Hibernate Core {5.3.15.Final}
2020-06-15 09:46:36 [main] INFO  org.hibernate.cfg.Environment  - HHH000206: hibernate.properties not found
2020-06-15 09:46:37 [main] INFO  o.h.annotations.common.Version  - HCANN000001: Hibernate Commons Annotations {5.0.4.Final}
2020-06-15 09:46:38 [main] INFO  org.hibernate.dialect.Dialect  - HHH000400: Using dialect: org.hibernate.dialect.MySQL5InnoDBDialect
2020-06-15 09:46:41 [main] INFO  o.s.o.j.LocalContainerEntityManagerFactoryBean  - Initialized JPA EntityManagerFactory for persistence unit 'default'
2020-06-15 09:46:42 [main] INFO  o.s.s.c.ThreadPoolTaskExecutor  - Initializing ExecutorService 'taskExecutor'
2020-06-15 09:46:42 [main] WARN  o.s.b.a.o.j.JpaBaseConfiguration$JpaWebConfiguration$JpaWebMvcConfiguration  - spring.jpa.open-in-view is enabled by default. Therefore, database queries may be performed during view rendering. Explicitly configure spring.jpa.open-in-view to disable this warning
2020-06-15 09:46:42 [main] INFO  o.a.coyote.http11.Http11NioProtocol  - Starting ProtocolHandler ["http-nio-8081"]
2020-06-15 09:46:42 [main] INFO  o.s.b.w.e.tomcat.TomcatWebServer  - Tomcat started on port(s): 8081 (http) with context path ''
2020-06-15 09:46:42 [main] INFO  c.e.studyDemo.StudyDemoApplication  - Started StudyDemoApplication in 15.065 seconds (JVM running for 22.218)
2020-06-15 09:47:40 [Thread-35] INFO  o.s.s.c.ThreadPoolTaskExecutor  - Shutting down ExecutorService 'taskExecutor'
2020-06-15 09:47:40 [Thread-35] INFO  o.s.o.j.LocalContainerEntityManagerFactoryBean  - Closing JPA EntityManagerFactory for persistence unit 'default'
2020-06-15 09:47:40 [Thread-35] INFO  c.alibaba.druid.pool.DruidDataSource  - {dataSource-1} closed
2020-06-15 09:48:24 [main] INFO  c.e.studyDemo.StudyDemoApplication  - Starting StudyDemoApplication on PC201606170921 with PID 147228 (D:\zhang\IDEA\demo\StudyDemo\target\classes started by Administrator in D:\zhang\IDEA\demo\StudyDemo)
2020-06-15 09:48:24 [main] INFO  c.e.studyDemo.StudyDemoApplication  - No active profile set, falling back to default profiles: default
2020-06-15 09:48:25 [main] INFO  o.s.d.r.c.RepositoryConfigurationDelegate  - Multiple Spring Data modules found, entering strict repository configuration mode!
2020-06-15 09:48:25 [main] INFO  o.s.d.r.c.RepositoryConfigurationDelegate  - Bootstrapping Spring Data JDBC repositories in DEFAULT mode.
2020-06-15 09:48:25 [main] INFO  o.s.d.r.c.RepositoryConfigurationExtensionSupport  - Spring Data JDBC - Could not safely identify store assignment for repository candidate interface com.example.studyDemo.repository.Test02Repository. If you want this repository to be a JDBC repository, consider annotating your entities with one of these annotations: org.springframework.data.relational.core.mapping.Table.
2020-06-15 09:48:25 [main] INFO  o.s.d.r.c.RepositoryConfigurationExtensionSupport  - Spring Data JDBC - Could not safely identify store assignment for repository candidate interface com.example.studyDemo.repository.Test03Repository. If you want this repository to be a JDBC repository, consider annotating your entities with one of these annotations: org.springframework.data.relational.core.mapping.Table.
2020-06-15 09:48:25 [main] INFO  o.s.d.r.c.RepositoryConfigurationExtensionSupport  - Spring Data JDBC - Could not safely identify store assignment for repository candidate interface com.example.studyDemo.repository.TestRepository. If you want this repository to be a JDBC repository, consider annotating your entities with one of these annotations: org.springframework.data.relational.core.mapping.Table.
2020-06-15 09:48:25 [main] INFO  o.s.d.r.c.RepositoryConfigurationDelegate  - Finished Spring Data repository scanning in 65ms. Found 0 JDBC repository interfaces.
2020-06-15 09:48:25 [main] INFO  o.s.d.r.c.RepositoryConfigurationDelegate  - Multiple Spring Data modules found, entering strict repository configuration mode!
2020-06-15 09:48:25 [main] INFO  o.s.d.r.c.RepositoryConfigurationDelegate  - Bootstrapping Spring Data JPA repositories in DEFAULT mode.
2020-06-15 09:48:25 [main] INFO  o.s.d.r.c.RepositoryConfigurationDelegate  - Finished Spring Data repository scanning in 69ms. Found 3 JPA repository interfaces.
2020-06-15 09:48:26 [main] INFO  o.s.b.w.e.tomcat.TomcatWebServer  - Tomcat initialized with port(s): 8081 (http)
2020-06-15 09:48:26 [main] INFO  o.a.coyote.http11.Http11NioProtocol  - Initializing ProtocolHandler ["http-nio-8081"]
2020-06-15 09:48:26 [main] INFO  o.a.catalina.core.StandardService  - Starting service [Tomcat]
2020-06-15 09:48:26 [main] INFO  o.a.catalina.core.StandardEngine  - Starting Servlet engine: [Apache Tomcat/9.0.31]
2020-06-15 09:48:26 [main] INFO  o.a.c.c.C.[Tomcat].[localhost].[/]  - Initializing Spring embedded WebApplicationContext
2020-06-15 09:48:26 [main] INFO  o.s.web.context.ContextLoader  - Root WebApplicationContext: initialization completed in 2539 ms
2020-06-15 09:48:27 [main] INFO  c.a.d.s.b.a.DruidDataSourceAutoConfigure  - Init DruidDataSource
2020-06-15 09:48:27 [main] INFO  c.alibaba.druid.pool.DruidDataSource  - {dataSource-1} inited
2020-06-15 09:48:27 [main] INFO  o.h.jpa.internal.util.LogHelper  - HHH000204: Processing PersistenceUnitInfo [
	name: default
	...]
2020-06-15 09:48:27 [main] INFO  org.hibernate.Version  - HHH000412: Hibernate Core {5.3.15.Final}
2020-06-15 09:48:27 [main] INFO  org.hibernate.cfg.Environment  - HHH000206: hibernate.properties not found
2020-06-15 09:48:27 [main] INFO  o.h.annotations.common.Version  - HCANN000001: Hibernate Commons Annotations {5.0.4.Final}
2020-06-15 09:48:28 [main] INFO  org.hibernate.dialect.Dialect  - HHH000400: Using dialect: org.hibernate.dialect.MySQL5InnoDBDialect
2020-06-15 09:48:29 [main] INFO  o.s.o.j.LocalContainerEntityManagerFactoryBean  - Initialized JPA EntityManagerFactory for persistence unit 'default'
2020-06-15 09:48:29 [main] INFO  o.s.s.c.ThreadPoolTaskExecutor  - Initializing ExecutorService 'taskExecutor'
2020-06-15 09:48:30 [main] WARN  o.s.b.a.o.j.JpaBaseConfiguration$JpaWebConfiguration$JpaWebMvcConfiguration  - spring.jpa.open-in-view is enabled by default. Therefore, database queries may be performed during view rendering. Explicitly configure spring.jpa.open-in-view to disable this warning
2020-06-15 09:48:30 [main] INFO  o.a.coyote.http11.Http11NioProtocol  - Starting ProtocolHandler ["http-nio-8081"]
2020-06-15 09:48:30 [main] INFO  o.s.b.w.e.tomcat.TomcatWebServer  - Tomcat started on port(s): 8081 (http) with context path ''
2020-06-15 09:48:30 [main] INFO  c.e.studyDemo.StudyDemoApplication  - Started StudyDemoApplication in 7.796 seconds (JVM running for 9.365)
2020-06-15 09:49:28 [Thread-18] INFO  o.s.s.c.ThreadPoolTaskExecutor  - Shutting down ExecutorService 'taskExecutor'
2020-06-15 09:49:28 [Thread-18] INFO  o.s.o.j.LocalContainerEntityManagerFactoryBean  - Closing JPA EntityManagerFactory for persistence unit 'default'
2020-06-15 09:49:28 [Thread-18] INFO  c.alibaba.druid.pool.DruidDataSource  - {dataSource-1} closed
2020-06-15 09:49:38 [main] INFO  c.e.studyDemo.StudyDemoApplication  - Starting StudyDemoApplication on PC201606170921 with PID 148332 (D:\zhang\IDEA\demo\StudyDemo\target\classes started by Administrator in D:\zhang\IDEA\demo\StudyDemo)
2020-06-15 09:49:38 [main] INFO  c.e.studyDemo.StudyDemoApplication  - No active profile set, falling back to default profiles: default
2020-06-15 09:49:39 [main] INFO  o.s.d.r.c.RepositoryConfigurationDelegate  - Multiple Spring Data modules found, entering strict repository configuration mode!
2020-06-15 09:49:39 [main] INFO  o.s.d.r.c.RepositoryConfigurationDelegate  - Bootstrapping Spring Data JDBC repositories in DEFAULT mode.
2020-06-15 09:49:39 [main] INFO  o.s.d.r.c.RepositoryConfigurationExtensionSupport  - Spring Data JDBC - Could not safely identify store assignment for repository candidate interface com.example.studyDemo.repository.Test02Repository. If you want this repository to be a JDBC repository, consider annotating your entities with one of these annotations: org.springframework.data.relational.core.mapping.Table.
2020-06-15 09:49:39 [main] INFO  o.s.d.r.c.RepositoryConfigurationExtensionSupport  - Spring Data JDBC - Could not safely identify store assignment for repository candidate interface com.example.studyDemo.repository.Test03Repository. If you want this repository to be a JDBC repository, consider annotating your entities with one of these annotations: org.springframework.data.relational.core.mapping.Table.
2020-06-15 09:49:39 [main] INFO  o.s.d.r.c.RepositoryConfigurationExtensionSupport  - Spring Data JDBC - Could not safely identify store assignment for repository candidate interface com.example.studyDemo.repository.TestRepository. If you want this repository to be a JDBC repository, consider annotating your entities with one of these annotations: org.springframework.data.relational.core.mapping.Table.
2020-06-15 09:49:39 [main] INFO  o.s.d.r.c.RepositoryConfigurationDelegate  - Finished Spring Data repository scanning in 74ms. Found 0 JDBC repository interfaces.
2020-06-15 09:49:39 [main] INFO  o.s.d.r.c.RepositoryConfigurationDelegate  - Multiple Spring Data modules found, entering strict repository configuration mode!
2020-06-15 09:49:39 [main] INFO  o.s.d.r.c.RepositoryConfigurationDelegate  - Bootstrapping Spring Data JPA repositories in DEFAULT mode.
2020-06-15 09:49:39 [main] INFO  o.s.d.r.c.RepositoryConfigurationDelegate  - Finished Spring Data repository scanning in 94ms. Found 3 JPA repository interfaces.
2020-06-15 09:49:40 [main] INFO  o.s.b.w.e.tomcat.TomcatWebServer  - Tomcat initialized with port(s): 8081 (http)
2020-06-15 09:49:40 [main] INFO  o.a.coyote.http11.Http11NioProtocol  - Initializing ProtocolHandler ["http-nio-8081"]
2020-06-15 09:49:40 [main] INFO  o.a.catalina.core.StandardService  - Starting service [Tomcat]
2020-06-15 09:49:40 [main] INFO  o.a.catalina.core.StandardEngine  - Starting Servlet engine: [Apache Tomcat/9.0.31]
2020-06-15 09:49:41 [main] INFO  o.a.c.c.C.[Tomcat].[localhost].[/]  - Initializing Spring embedded WebApplicationContext
2020-06-15 09:49:41 [main] INFO  o.s.web.context.ContextLoader  - Root WebApplicationContext: initialization completed in 2508 ms
2020-06-15 09:49:41 [main] INFO  c.a.d.s.b.a.DruidDataSourceAutoConfigure  - Init DruidDataSource
2020-06-15 09:49:41 [main] INFO  c.alibaba.druid.pool.DruidDataSource  - {dataSource-1} inited
2020-06-15 09:49:41 [main] INFO  o.h.jpa.internal.util.LogHelper  - HHH000204: Processing PersistenceUnitInfo [
	name: default
	...]
2020-06-15 09:49:41 [main] INFO  org.hibernate.Version  - HHH000412: Hibernate Core {5.3.15.Final}
2020-06-15 09:49:41 [main] INFO  org.hibernate.cfg.Environment  - HHH000206: hibernate.properties not found
2020-06-15 09:49:41 [main] INFO  o.h.annotations.common.Version  - HCANN000001: Hibernate Commons Annotations {5.0.4.Final}
2020-06-15 09:49:42 [main] INFO  org.hibernate.dialect.Dialect  - HHH000400: Using dialect: org.hibernate.dialect.MySQL5InnoDBDialect
2020-06-15 09:49:43 [main] INFO  o.s.o.j.LocalContainerEntityManagerFactoryBean  - Initialized JPA EntityManagerFactory for persistence unit 'default'
2020-06-15 09:49:43 [main] INFO  o.s.s.c.ThreadPoolTaskExecutor  - Initializing ExecutorService 'taskExecutor'
2020-06-15 09:49:44 [main] WARN  o.s.b.a.o.j.JpaBaseConfiguration$JpaWebConfiguration$JpaWebMvcConfiguration  - spring.jpa.open-in-view is enabled by default. Therefore, database queries may be performed during view rendering. Explicitly configure spring.jpa.open-in-view to disable this warning
2020-06-15 09:49:44 [main] INFO  o.a.coyote.http11.Http11NioProtocol  - Starting ProtocolHandler ["http-nio-8081"]
2020-06-15 09:49:44 [main] INFO  o.s.b.w.e.tomcat.TomcatWebServer  - Tomcat started on port(s): 8081 (http) with context path ''
2020-06-15 09:49:44 [main] INFO  c.e.studyDemo.StudyDemoApplication  - Started StudyDemoApplication in 8.294 seconds (JVM running for 10.103)
2020-06-15 09:51:56 [Thread-19] INFO  o.s.s.c.ThreadPoolTaskExecutor  - Shutting down ExecutorService 'taskExecutor'
2020-06-15 09:51:56 [Thread-19] INFO  o.s.o.j.LocalContainerEntityManagerFactoryBean  - Closing JPA EntityManagerFactory for persistence unit 'default'
2020-06-15 09:51:56 [Thread-19] INFO  c.alibaba.druid.pool.DruidDataSource  - {dataSource-1} closed
2020-06-15 14:35:28 [main] INFO  c.e.studyDemo.StudyDemoApplication  - Starting StudyDemoApplication on PC201606170921 with PID 89828 (D:\zhang\IDEA\demo\StudyDemo\target\classes started by Administrator in D:\zhang\IDEA\demo\StudyDemo)
2020-06-15 14:35:28 [main] INFO  c.e.studyDemo.StudyDemoApplication  - No active profile set, falling back to default profiles: default
2020-06-15 14:35:36 [main] INFO  o.s.d.r.c.RepositoryConfigurationDelegate  - Multiple Spring Data modules found, entering strict repository configuration mode!
2020-06-15 14:35:36 [main] INFO  o.s.d.r.c.RepositoryConfigurationDelegate  - Bootstrapping Spring Data JDBC repositories in DEFAULT mode.
2020-06-15 14:35:36 [main] INFO  o.s.d.r.c.RepositoryConfigurationExtensionSupport  - Spring Data JDBC - Could not safely identify store assignment for repository candidate interface com.example.studyDemo.repository.Test02Repository. If you want this repository to be a JDBC repository, consider annotating your entities with one of these annotations: org.springframework.data.relational.core.mapping.Table.
2020-06-15 14:35:36 [main] INFO  o.s.d.r.c.RepositoryConfigurationExtensionSupport  - Spring Data JDBC - Could not safely identify store assignment for repository candidate interface com.example.studyDemo.repository.Test03Repository. If you want this repository to be a JDBC repository, consider annotating your entities with one of these annotations: org.springframework.data.relational.core.mapping.Table.
2020-06-15 14:35:36 [main] INFO  o.s.d.r.c.RepositoryConfigurationExtensionSupport  - Spring Data JDBC - Could not safely identify store assignment for repository candidate interface com.example.studyDemo.repository.TestRepository. If you want this repository to be a JDBC repository, consider annotating your entities with one of these annotations: org.springframework.data.relational.core.mapping.Table.
2020-06-15 14:35:36 [main] INFO  o.s.d.r.c.RepositoryConfigurationDelegate  - Finished Spring Data repository scanning in 138ms. Found 0 JDBC repository interfaces.
2020-06-15 14:35:36 [main] INFO  o.s.d.r.c.RepositoryConfigurationDelegate  - Multiple Spring Data modules found, entering strict repository configuration mode!
2020-06-15 14:35:36 [main] INFO  o.s.d.r.c.RepositoryConfigurationDelegate  - Bootstrapping Spring Data JPA repositories in DEFAULT mode.
2020-06-15 14:35:36 [main] INFO  o.s.d.r.c.RepositoryConfigurationDelegate  - Finished Spring Data repository scanning in 98ms. Found 3 JPA repository interfaces.
2020-06-15 14:35:39 [main] INFO  o.s.b.w.e.tomcat.TomcatWebServer  - Tomcat initialized with port(s): 8081 (http)
2020-06-15 14:35:39 [main] INFO  o.a.coyote.http11.Http11NioProtocol  - Initializing ProtocolHandler ["http-nio-8081"]
2020-06-15 14:35:39 [main] INFO  o.a.catalina.core.StandardService  - Starting service [Tomcat]
2020-06-15 14:35:39 [main] INFO  o.a.catalina.core.StandardEngine  - Starting Servlet engine: [Apache Tomcat/9.0.31]
2020-06-15 14:35:39 [main] INFO  o.a.c.c.C.[Tomcat].[localhost].[/]  - Initializing Spring embedded WebApplicationContext
2020-06-15 14:35:39 [main] INFO  o.s.web.context.ContextLoader  - Root WebApplicationContext: initialization completed in 10768 ms
2020-06-15 14:35:39 [main] INFO  c.a.d.s.b.a.DruidDataSourceAutoConfigure  - Init DruidDataSource
2020-06-15 14:35:40 [main] INFO  c.alibaba.druid.pool.DruidDataSource  - {dataSource-1} inited
2020-06-15 14:35:40 [main] INFO  o.h.jpa.internal.util.LogHelper  - HHH000204: Processing PersistenceUnitInfo [
	name: default
	...]
2020-06-15 14:35:43 [main] INFO  org.hibernate.Version  - HHH000412: Hibernate Core {5.3.15.Final}
2020-06-15 14:35:43 [main] INFO  org.hibernate.cfg.Environment  - HHH000206: hibernate.properties not found
2020-06-15 14:35:50 [main] INFO  o.h.annotations.common.Version  - HCANN000001: Hibernate Commons Annotations {5.0.4.Final}
2020-06-15 14:35:53 [main] INFO  org.hibernate.dialect.Dialect  - HHH000400: Using dialect: org.hibernate.dialect.MySQL5InnoDBDialect
2020-06-15 14:35:59 [main] INFO  o.s.o.j.LocalContainerEntityManagerFactoryBean  - Initialized JPA EntityManagerFactory for persistence unit 'default'
2020-06-15 14:36:00 [main] INFO  o.s.s.c.ThreadPoolTaskExecutor  - Initializing ExecutorService 'taskExecutor'
2020-06-15 14:36:01 [main] WARN  o.s.b.a.o.j.JpaBaseConfiguration$JpaWebConfiguration$JpaWebMvcConfiguration  - spring.jpa.open-in-view is enabled by default. Therefore, database queries may be performed during view rendering. Explicitly configure spring.jpa.open-in-view to disable this warning
2020-06-15 14:36:01 [main] INFO  o.a.coyote.http11.Http11NioProtocol  - Starting ProtocolHandler ["http-nio-8081"]
2020-06-15 14:36:01 [main] INFO  o.s.b.w.e.tomcat.TomcatWebServer  - Tomcat started on port(s): 8081 (http) with context path ''
2020-06-15 14:36:01 [main] INFO  c.e.studyDemo.StudyDemoApplication  - Started StudyDemoApplication in 35.118 seconds (JVM running for 39.277)
2020-06-15 14:36:55 [Thread-71] INFO  o.s.s.c.ThreadPoolTaskExecutor  - Shutting down ExecutorService 'taskExecutor'
2020-06-15 14:36:55 [Thread-71] INFO  o.s.o.j.LocalContainerEntityManagerFactoryBean  - Closing JPA EntityManagerFactory for persistence unit 'default'
2020-06-15 14:36:55 [Thread-71] INFO  c.alibaba.druid.pool.DruidDataSource  - {dataSource-1} closed
2020-06-15 14:37:03 [main] INFO  c.e.studyDemo.StudyDemoApplication  - Starting StudyDemoApplication on PC201606170921 with PID 153228 (D:\zhang\IDEA\demo\StudyDemo\target\classes started by Administrator in D:\zhang\IDEA\demo\StudyDemo)
2020-06-15 14:37:03 [main] INFO  c.e.studyDemo.StudyDemoApplication  - No active profile set, falling back to default profiles: default
2020-06-15 14:37:06 [main] INFO  o.s.d.r.c.RepositoryConfigurationDelegate  - Multiple Spring Data modules found, entering strict repository configuration mode!
2020-06-15 14:37:06 [main] INFO  o.s.d.r.c.RepositoryConfigurationDelegate  - Bootstrapping Spring Data JDBC repositories in DEFAULT mode.
2020-06-15 14:37:06 [main] INFO  o.s.d.r.c.RepositoryConfigurationExtensionSupport  - Spring Data JDBC - Could not safely identify store assignment for repository candidate interface com.example.studyDemo.repository.Test02Repository. If you want this repository to be a JDBC repository, consider annotating your entities with one of these annotations: org.springframework.data.relational.core.mapping.Table.
2020-06-15 14:37:06 [main] INFO  o.s.d.r.c.RepositoryConfigurationExtensionSupport  - Spring Data JDBC - Could not safely identify store assignment for repository candidate interface com.example.studyDemo.repository.Test03Repository. If you want this repository to be a JDBC repository, consider annotating your entities with one of these annotations: org.springframework.data.relational.core.mapping.Table.
2020-06-15 14:37:06 [main] INFO  o.s.d.r.c.RepositoryConfigurationExtensionSupport  - Spring Data JDBC - Could not safely identify store assignment for repository candidate interface com.example.studyDemo.repository.TestRepository. If you want this repository to be a JDBC repository, consider annotating your entities with one of these annotations: org.springframework.data.relational.core.mapping.Table.
2020-06-15 14:37:06 [main] INFO  o.s.d.r.c.RepositoryConfigurationDelegate  - Finished Spring Data repository scanning in 129ms. Found 0 JDBC repository interfaces.
2020-06-15 14:37:06 [main] INFO  o.s.d.r.c.RepositoryConfigurationDelegate  - Multiple Spring Data modules found, entering strict repository configuration mode!
2020-06-15 14:37:06 [main] INFO  o.s.d.r.c.RepositoryConfigurationDelegate  - Bootstrapping Spring Data JPA repositories in DEFAULT mode.
2020-06-15 14:37:06 [main] INFO  o.s.d.r.c.RepositoryConfigurationDelegate  - Finished Spring Data repository scanning in 112ms. Found 3 JPA repository interfaces.
2020-06-15 14:37:08 [main] INFO  o.s.b.w.e.tomcat.TomcatWebServer  - Tomcat initialized with port(s): 8081 (http)
2020-06-15 14:37:08 [main] INFO  o.a.coyote.http11.Http11NioProtocol  - Initializing ProtocolHandler ["http-nio-8081"]
2020-06-15 14:37:08 [main] INFO  o.a.catalina.core.StandardService  - Starting service [Tomcat]
2020-06-15 14:37:08 [main] INFO  o.a.catalina.core.StandardEngine  - Starting Servlet engine: [Apache Tomcat/9.0.31]
2020-06-15 14:37:09 [main] INFO  o.a.c.c.C.[Tomcat].[localhost].[/]  - Initializing Spring embedded WebApplicationContext
2020-06-15 14:37:09 [main] INFO  o.s.web.context.ContextLoader  - Root WebApplicationContext: initialization completed in 6378 ms
2020-06-15 14:37:10 [main] INFO  c.a.d.s.b.a.DruidDataSourceAutoConfigure  - Init DruidDataSource
2020-06-15 14:37:10 [main] INFO  c.alibaba.druid.pool.DruidDataSource  - {dataSource-1} inited
2020-06-15 14:37:10 [main] INFO  o.h.jpa.internal.util.LogHelper  - HHH000204: Processing PersistenceUnitInfo [
	name: default
	...]
2020-06-15 14:37:10 [main] INFO  org.hibernate.Version  - HHH000412: Hibernate Core {5.3.15.Final}
2020-06-15 14:37:10 [main] INFO  org.hibernate.cfg.Environment  - HHH000206: hibernate.properties not found
2020-06-15 14:37:11 [main] INFO  o.h.annotations.common.Version  - HCANN000001: Hibernate Commons Annotations {5.0.4.Final}
2020-06-15 14:37:11 [main] INFO  org.hibernate.dialect.Dialect  - HHH000400: Using dialect: org.hibernate.dialect.MySQL5InnoDBDialect
2020-06-15 14:37:12 [main] INFO  o.s.o.j.LocalContainerEntityManagerFactoryBean  - Initialized JPA EntityManagerFactory for persistence unit 'default'
2020-06-15 14:37:13 [main] INFO  o.s.s.c.ThreadPoolTaskExecutor  - Initializing ExecutorService 'taskExecutor'
2020-06-15 14:37:13 [main] WARN  o.s.b.a.o.j.JpaBaseConfiguration$JpaWebConfiguration$JpaWebMvcConfiguration  - spring.jpa.open-in-view is enabled by default. Therefore, database queries may be performed during view rendering. Explicitly configure spring.jpa.open-in-view to disable this warning
2020-06-15 14:37:13 [main] INFO  o.a.coyote.http11.Http11NioProtocol  - Starting ProtocolHandler ["http-nio-8081"]
2020-06-15 14:37:13 [main] INFO  o.s.b.w.e.tomcat.TomcatWebServer  - Tomcat started on port(s): 8081 (http) with context path ''
2020-06-15 14:37:13 [main] INFO  c.e.studyDemo.StudyDemoApplication  - Started StudyDemoApplication in 11.809 seconds (JVM running for 14.778)
2020-06-15 14:40:00 [Thread-20] INFO  o.s.s.c.ThreadPoolTaskExecutor  - Shutting down ExecutorService 'taskExecutor'
2020-06-15 14:40:00 [Thread-20] INFO  o.s.o.j.LocalContainerEntityManagerFactoryBean  - Closing JPA EntityManagerFactory for persistence unit 'default'
2020-06-15 14:40:00 [Thread-20] INFO  c.alibaba.druid.pool.DruidDataSource  - {dataSource-1} closed
2020-06-15 14:43:27 [main] INFO  c.e.studyDemo.StudyDemoApplication  - Starting StudyDemoApplication on PC201606170921 with PID 154108 (D:\zhang\IDEA\demo\StudyDemo\target\classes started by Administrator in D:\zhang\IDEA\demo\StudyDemo)
2020-06-15 14:43:27 [main] INFO  c.e.studyDemo.StudyDemoApplication  - No active profile set, falling back to default profiles: default
2020-06-15 14:43:29 [main] INFO  o.s.d.r.c.RepositoryConfigurationDelegate  - Multiple Spring Data modules found, entering strict repository configuration mode!
2020-06-15 14:43:29 [main] INFO  o.s.d.r.c.RepositoryConfigurationDelegate  - Bootstrapping Spring Data JDBC repositories in DEFAULT mode.
2020-06-15 14:43:29 [main] INFO  o.s.d.r.c.RepositoryConfigurationExtensionSupport  - Spring Data JDBC - Could not safely identify store assignment for repository candidate interface com.example.studyDemo.repository.Test02Repository. If you want this repository to be a JDBC repository, consider annotating your entities with one of these annotations: org.springframework.data.relational.core.mapping.Table.
2020-06-15 14:43:29 [main] INFO  o.s.d.r.c.RepositoryConfigurationExtensionSupport  - Spring Data JDBC - Could not safely identify store assignment for repository candidate interface com.example.studyDemo.repository.Test03Repository. If you want this repository to be a JDBC repository, consider annotating your entities with one of these annotations: org.springframework.data.relational.core.mapping.Table.
2020-06-15 14:43:29 [main] INFO  o.s.d.r.c.RepositoryConfigurationExtensionSupport  - Spring Data JDBC - Could not safely identify store assignment for repository candidate interface com.example.studyDemo.repository.TestRepository. If you want this repository to be a JDBC repository, consider annotating your entities with one of these annotations: org.springframework.data.relational.core.mapping.Table.
2020-06-15 14:43:29 [main] INFO  o.s.d.r.c.RepositoryConfigurationDelegate  - Finished Spring Data repository scanning in 76ms. Found 0 JDBC repository interfaces.
2020-06-15 14:43:29 [main] INFO  o.s.d.r.c.RepositoryConfigurationDelegate  - Multiple Spring Data modules found, entering strict repository configuration mode!
2020-06-15 14:43:29 [main] INFO  o.s.d.r.c.RepositoryConfigurationDelegate  - Bootstrapping Spring Data JPA repositories in DEFAULT mode.
2020-06-15 14:43:29 [main] INFO  o.s.d.r.c.RepositoryConfigurationDelegate  - Finished Spring Data repository scanning in 76ms. Found 3 JPA repository interfaces.
2020-06-15 14:43:30 [main] INFO  o.s.b.w.e.tomcat.TomcatWebServer  - Tomcat initialized with port(s): 8081 (http)
2020-06-15 14:43:30 [main] INFO  o.a.coyote.http11.Http11NioProtocol  - Initializing ProtocolHandler ["http-nio-8081"]
2020-06-15 14:43:30 [main] INFO  o.a.catalina.core.StandardService  - Starting service [Tomcat]
2020-06-15 14:43:30 [main] INFO  o.a.catalina.core.StandardEngine  - Starting Servlet engine: [Apache Tomcat/9.0.31]
2020-06-15 14:43:31 [main] INFO  o.a.c.c.C.[Tomcat].[localhost].[/]  - Initializing Spring embedded WebApplicationContext
2020-06-15 14:43:31 [main] INFO  o.s.web.context.ContextLoader  - Root WebApplicationContext: initialization completed in 3016 ms
2020-06-15 14:43:31 [main] INFO  c.a.d.s.b.a.DruidDataSourceAutoConfigure  - Init DruidDataSource
2020-06-15 14:43:31 [main] INFO  c.alibaba.druid.pool.DruidDataSource  - {dataSource-1} inited
2020-06-15 14:43:31 [main] INFO  o.h.jpa.internal.util.LogHelper  - HHH000204: Processing PersistenceUnitInfo [
	name: default
	...]
2020-06-15 14:43:32 [main] INFO  org.hibernate.Version  - HHH000412: Hibernate Core {5.3.15.Final}
2020-06-15 14:43:32 [main] INFO  org.hibernate.cfg.Environment  - HHH000206: hibernate.properties not found
2020-06-15 14:43:32 [main] INFO  o.h.annotations.common.Version  - HCANN000001: Hibernate Commons Annotations {5.0.4.Final}
2020-06-15 14:43:34 [main] INFO  org.hibernate.dialect.Dialect  - HHH000400: Using dialect: org.hibernate.dialect.MySQL5InnoDBDialect
2020-06-15 14:43:36 [main] INFO  o.s.o.j.LocalContainerEntityManagerFactoryBean  - Initialized JPA EntityManagerFactory for persistence unit 'default'
2020-06-15 14:43:37 [main] INFO  o.s.s.c.ThreadPoolTaskExecutor  - Initializing ExecutorService 'taskExecutor'
2020-06-15 14:43:37 [main] WARN  o.s.b.a.o.j.JpaBaseConfiguration$JpaWebConfiguration$JpaWebMvcConfiguration  - spring.jpa.open-in-view is enabled by default. Therefore, database queries may be performed during view rendering. Explicitly configure spring.jpa.open-in-view to disable this warning
2020-06-15 14:43:37 [main] INFO  o.a.coyote.http11.Http11NioProtocol  - Starting ProtocolHandler ["http-nio-8081"]
2020-06-15 14:43:38 [main] INFO  o.s.b.w.e.tomcat.TomcatWebServer  - Tomcat started on port(s): 8081 (http) with context path ''
2020-06-15 14:43:38 [main] INFO  c.e.studyDemo.StudyDemoApplication  - Started StudyDemoApplication in 11.575 seconds (JVM running for 14.315)
2020-06-15 14:44:34 [Thread-26] INFO  o.s.s.c.ThreadPoolTaskExecutor  - Shutting down ExecutorService 'taskExecutor'
2020-06-15 14:44:34 [Thread-26] INFO  o.s.o.j.LocalContainerEntityManagerFactoryBean  - Closing JPA EntityManagerFactory for persistence unit 'default'
2020-06-15 14:44:34 [Thread-26] INFO  c.alibaba.druid.pool.DruidDataSource  - {dataSource-1} closed
2020-06-15 14:45:14 [main] INFO  c.e.studyDemo.StudyDemoApplication  - Starting StudyDemoApplication on PC201606170921 with PID 150420 (D:\zhang\IDEA\demo\StudyDemo\target\classes started by Administrator in D:\zhang\IDEA\demo\StudyDemo)
2020-06-15 14:45:14 [main] INFO  c.e.studyDemo.StudyDemoApplication  - No active profile set, falling back to default profiles: default
2020-06-15 14:45:15 [main] INFO  o.s.d.r.c.RepositoryConfigurationDelegate  - Multiple Spring Data modules found, entering strict repository configuration mode!
2020-06-15 14:45:15 [main] INFO  o.s.d.r.c.RepositoryConfigurationDelegate  - Bootstrapping Spring Data JDBC repositories in DEFAULT mode.
2020-06-15 14:45:15 [main] INFO  o.s.d.r.c.RepositoryConfigurationExtensionSupport  - Spring Data JDBC - Could not safely identify store assignment for repository candidate interface com.example.studyDemo.repository.Test02Repository. If you want this repository to be a JDBC repository, consider annotating your entities with one of these annotations: org.springframework.data.relational.core.mapping.Table.
2020-06-15 14:45:15 [main] INFO  o.s.d.r.c.RepositoryConfigurationExtensionSupport  - Spring Data JDBC - Could not safely identify store assignment for repository candidate interface com.example.studyDemo.repository.Test03Repository. If you want this repository to be a JDBC repository, consider annotating your entities with one of these annotations: org.springframework.data.relational.core.mapping.Table.
2020-06-15 14:45:15 [main] INFO  o.s.d.r.c.RepositoryConfigurationExtensionSupport  - Spring Data JDBC - Could not safely identify store assignment for repository candidate interface com.example.studyDemo.repository.TestRepository. If you want this repository to be a JDBC repository, consider annotating your entities with one of these annotations: org.springframework.data.relational.core.mapping.Table.
2020-06-15 14:45:15 [main] INFO  o.s.d.r.c.RepositoryConfigurationDelegate  - Finished Spring Data repository scanning in 55ms. Found 0 JDBC repository interfaces.
2020-06-15 14:45:15 [main] INFO  o.s.d.r.c.RepositoryConfigurationDelegate  - Multiple Spring Data modules found, entering strict repository configuration mode!
2020-06-15 14:45:15 [main] INFO  o.s.d.r.c.RepositoryConfigurationDelegate  - Bootstrapping Spring Data JPA repositories in DEFAULT mode.
2020-06-15 14:45:15 [main] INFO  o.s.d.r.c.RepositoryConfigurationDelegate  - Finished Spring Data repository scanning in 57ms. Found 3 JPA repository interfaces.
2020-06-15 14:45:16 [main] INFO  o.s.b.w.e.tomcat.TomcatWebServer  - Tomcat initialized with port(s): 8081 (http)
2020-06-15 14:45:16 [main] INFO  o.a.coyote.http11.Http11NioProtocol  - Initializing ProtocolHandler ["http-nio-8081"]
2020-06-15 14:45:16 [main] INFO  o.a.catalina.core.StandardService  - Starting service [Tomcat]
2020-06-15 14:45:16 [main] INFO  o.a.catalina.core.StandardEngine  - Starting Servlet engine: [Apache Tomcat/9.0.31]
2020-06-15 14:45:16 [main] INFO  o.a.c.c.C.[Tomcat].[localhost].[/]  - Initializing Spring embedded WebApplicationContext
2020-06-15 14:45:16 [main] INFO  o.s.web.context.ContextLoader  - Root WebApplicationContext: initialization completed in 2387 ms
2020-06-15 14:45:17 [main] INFO  c.a.d.s.b.a.DruidDataSourceAutoConfigure  - Init DruidDataSource
2020-06-15 14:45:17 [main] INFO  c.alibaba.druid.pool.DruidDataSource  - {dataSource-1} inited
2020-06-15 14:45:17 [main] INFO  o.h.jpa.internal.util.LogHelper  - HHH000204: Processing PersistenceUnitInfo [
	name: default
	...]
2020-06-15 14:45:17 [main] INFO  org.hibernate.Version  - HHH000412: Hibernate Core {5.3.15.Final}
2020-06-15 14:45:17 [main] INFO  org.hibernate.cfg.Environment  - HHH000206: hibernate.properties not found
2020-06-15 14:45:17 [main] INFO  o.h.annotations.common.Version  - HCANN000001: Hibernate Commons Annotations {5.0.4.Final}
2020-06-15 14:45:18 [main] INFO  org.hibernate.dialect.Dialect  - HHH000400: Using dialect: org.hibernate.dialect.MySQL5InnoDBDialect
2020-06-15 14:45:20 [main] INFO  o.s.o.j.LocalContainerEntityManagerFactoryBean  - Initialized JPA EntityManagerFactory for persistence unit 'default'
2020-06-15 14:45:20 [main] INFO  o.s.s.c.ThreadPoolTaskExecutor  - Initializing ExecutorService 'taskExecutor'
2020-06-15 14:45:21 [main] WARN  o.s.b.a.o.j.JpaBaseConfiguration$JpaWebConfiguration$JpaWebMvcConfiguration  - spring.jpa.open-in-view is enabled by default. Therefore, database queries may be performed during view rendering. Explicitly configure spring.jpa.open-in-view to disable this warning
2020-06-15 14:45:21 [main] INFO  o.a.coyote.http11.Http11NioProtocol  - Starting ProtocolHandler ["http-nio-8081"]
2020-06-15 14:45:21 [main] INFO  o.s.b.w.e.tomcat.TomcatWebServer  - Tomcat started on port(s): 8081 (http) with context path ''
2020-06-15 14:45:21 [main] INFO  c.e.studyDemo.StudyDemoApplication  - Started StudyDemoApplication in 8.605 seconds (JVM running for 10.128)
2020-06-15 14:46:34 [Thread-20] INFO  o.s.s.c.ThreadPoolTaskExecutor  - Shutting down ExecutorService 'taskExecutor'
2020-06-15 14:46:34 [Thread-20] INFO  o.s.o.j.LocalContainerEntityManagerFactoryBean  - Closing JPA EntityManagerFactory for persistence unit 'default'
2020-06-15 14:46:34 [Thread-20] INFO  c.alibaba.druid.pool.DruidDataSource  - {dataSource-1} closed
2020-06-15 16:18:40 [main] INFO  c.e.studyDemo.StudyDemoApplication  - Starting StudyDemoApplication on PC201606170921 with PID 154304 (D:\zhang\IDEA\demo\StudyDemo\target\classes started by Administrator in D:\zhang\IDEA\demo\StudyDemo)
2020-06-15 16:18:40 [main] INFO  c.e.studyDemo.StudyDemoApplication  - No active profile set, falling back to default profiles: default
2020-06-15 16:18:43 [main] INFO  o.s.d.r.c.RepositoryConfigurationDelegate  - Multiple Spring Data modules found, entering strict repository configuration mode!
2020-06-15 16:18:43 [main] INFO  o.s.d.r.c.RepositoryConfigurationDelegate  - Bootstrapping Spring Data JDBC repositories in DEFAULT mode.
2020-06-15 16:18:43 [main] INFO  o.s.d.r.c.RepositoryConfigurationExtensionSupport  - Spring Data JDBC - Could not safely identify store assignment for repository candidate interface com.example.studyDemo.repository.Test02Repository. If you want this repository to be a JDBC repository, consider annotating your entities with one of these annotations: org.springframework.data.relational.core.mapping.Table.
2020-06-15 16:18:43 [main] INFO  o.s.d.r.c.RepositoryConfigurationExtensionSupport  - Spring Data JDBC - Could not safely identify store assignment for repository candidate interface com.example.studyDemo.repository.Test03Repository. If you want this repository to be a JDBC repository, consider annotating your entities with one of these annotations: org.springframework.data.relational.core.mapping.Table.
2020-06-15 16:18:43 [main] INFO  o.s.d.r.c.RepositoryConfigurationExtensionSupport  - Spring Data JDBC - Could not safely identify store assignment for repository candidate interface com.example.studyDemo.repository.TestRepository. If you want this repository to be a JDBC repository, consider annotating your entities with one of these annotations: org.springframework.data.relational.core.mapping.Table.
2020-06-15 16:18:43 [main] INFO  o.s.d.r.c.RepositoryConfigurationDelegate  - Finished Spring Data repository scanning in 117ms. Found 0 JDBC repository interfaces.
2020-06-15 16:18:43 [main] INFO  o.s.d.r.c.RepositoryConfigurationDelegate  - Multiple Spring Data modules found, entering strict repository configuration mode!
2020-06-15 16:18:43 [main] INFO  o.s.d.r.c.RepositoryConfigurationDelegate  - Bootstrapping Spring Data JPA repositories in DEFAULT mode.
2020-06-15 16:18:44 [main] INFO  o.s.d.r.c.RepositoryConfigurationDelegate  - Finished Spring Data repository scanning in 99ms. Found 3 JPA repository interfaces.
2020-06-15 16:18:45 [main] INFO  o.s.b.w.e.tomcat.TomcatWebServer  - Tomcat initialized with port(s): 8081 (http)
2020-06-15 16:18:45 [main] INFO  o.a.coyote.http11.Http11NioProtocol  - Initializing ProtocolHandler ["http-nio-8081"]
2020-06-15 16:18:45 [main] INFO  o.a.catalina.core.StandardService  - Starting service [Tomcat]
2020-06-15 16:18:45 [main] INFO  o.a.catalina.core.StandardEngine  - Starting Servlet engine: [Apache Tomcat/9.0.31]
2020-06-15 16:18:45 [main] INFO  o.a.c.c.C.[Tomcat].[localhost].[/]  - Initializing Spring embedded WebApplicationContext
2020-06-15 16:18:45 [main] INFO  o.s.web.context.ContextLoader  - Root WebApplicationContext: initialization completed in 3986 ms
2020-06-15 16:18:45 [main] INFO  c.a.d.s.b.a.DruidDataSourceAutoConfigure  - Init DruidDataSource
2020-06-15 16:18:45 [main] INFO  c.alibaba.druid.pool.DruidDataSource  - {dataSource-1} inited
2020-06-15 16:18:46 [main] INFO  o.h.jpa.internal.util.LogHelper  - HHH000204: Processing PersistenceUnitInfo [
	name: default
	...]
2020-06-15 16:18:46 [main] INFO  org.hibernate.Version  - HHH000412: Hibernate Core {5.3.15.Final}
2020-06-15 16:18:46 [main] INFO  org.hibernate.cfg.Environment  - HHH000206: hibernate.properties not found
2020-06-15 16:18:46 [main] INFO  o.h.annotations.common.Version  - HCANN000001: Hibernate Commons Annotations {5.0.4.Final}
2020-06-15 16:18:47 [main] INFO  org.hibernate.dialect.Dialect  - HHH000400: Using dialect: org.hibernate.dialect.MySQL5InnoDBDialect
2020-06-15 16:18:48 [main] INFO  o.s.o.j.LocalContainerEntityManagerFactoryBean  - Initialized JPA EntityManagerFactory for persistence unit 'default'
2020-06-15 16:18:49 [main] INFO  o.s.s.c.ThreadPoolTaskExecutor  - Initializing ExecutorService 'taskExecutor'
2020-06-15 16:18:49 [main] WARN  o.s.b.a.o.j.JpaBaseConfiguration$JpaWebConfiguration$JpaWebMvcConfiguration  - spring.jpa.open-in-view is enabled by default. Therefore, database queries may be performed during view rendering. Explicitly configure spring.jpa.open-in-view to disable this warning
2020-06-15 16:18:50 [main] INFO  o.a.coyote.http11.Http11NioProtocol  - Starting ProtocolHandler ["http-nio-8081"]
2020-06-15 16:18:50 [main] INFO  o.s.b.w.e.tomcat.TomcatWebServer  - Tomcat started on port(s): 8081 (http) with context path ''
2020-06-15 16:18:50 [main] INFO  c.e.studyDemo.StudyDemoApplication  - Started StudyDemoApplication in 10.052 seconds (JVM running for 12.146)
2020-06-15 17:57:42 [Thread-24] INFO  o.s.s.c.ThreadPoolTaskExecutor  - Shutting down ExecutorService 'taskExecutor'
2020-06-15 17:57:43 [Thread-24] INFO  o.s.o.j.LocalContainerEntityManagerFactoryBean  - Closing JPA EntityManagerFactory for persistence unit 'default'
2020-06-15 17:57:45 [Thread-24] INFO  c.alibaba.druid.pool.DruidDataSource  - {dataSource-1} closed
